#
# There is insufficient memory for the Java Runtime Environment to continue.
# pthread_getattr_np
# Possible reasons:
#   The system is out of physical RAM or swap space
#   In 32 bit mode, the process size limit was hit
# Possible solutions:
#   Reduce memory load on the system
#   Increase physical memory or swap space
#   Check if swap backing store is full
#   Use 64 bit Java on a 64 bit OS
#   Decrease Java heap size (-Xmx/-Xms)
#   Decrease number of Java threads
#   Decrease Java thread stack sizes (-Xss)
#   Set larger code cache with -XX:ReservedCodeCacheSize=
# This output file may be truncated or incomplete.
#
#  Out of Memory Error (os_linux_x86.cpp:718), pid=7882, tid=47887197361920
#
# JRE version:  (7.0_79-b14) (build )
# Java VM: OpenJDK 64-Bit Server VM (24.79-b02 mixed mode linux-amd64 compressed oops)
# Derivative: IcedTea 2.5.6
# Distribution: Ubuntu 14.04 LTS, package 7u79-2.5.6-0ubuntu1.14.04.1
# Core dump written. Default location: /cellar/users/ramarty/Projects/hla_new/scripts/typing_the_hla/snp2hla/core or core.7882
#

---------------  T H R E A D  ---------------

Current thread (0x00002b8d403c4000):  VMThread [stack: 0x0000000000000000,0x0000000000000000] [id=7907]

Stack: [0x0000000000000000,0x0000000000000000],  sp=0x00002b8d9b634b20,  free space=46764841170k
Native frames: (J=compiled Java code, j=interpreted, Vv=VM code, C=native code)
V  [libjvm.so+0x94afd5]
V  [libjvm.so+0x48b9f4]
V  [libjvm.so+0x7cf89a]
V  [libjvm.so+0x7cf8ed]
V  [libjvm.so+0x8f8409]
V  [libjvm.so+0x95009d]
V  [libjvm.so+0x7c4f62]


---------------  P R O C E S S  ---------------

Java Threads: ( => current thread )
  0x00002b8d40008000 JavaThread "Unknown thread" [_thread_blocked, id=7883, stack(0x00002b8d3c045000,0x00002b8d3c146000)]

Other Threads:
=>0x00002b8d403c4000 VMThread [stack: 0x0000000000000000,0x0000000000000000] [id=7907]

VM state:not at safepoint (normal execution)

VM Mutex/Monitor currently owned by a thread: None

Heap
 PSYoungGen      total 301056K, used 5171K [0x000000072fa80000, 0x0000000744a00000, 0x0000000800000000)
  eden space 258560K, 2% used [0x000000072fa80000,0x000000072ff8cd20,0x000000073f700000)
  from space 42496K, 0% used [0x0000000742080000,0x0000000742080000,0x0000000744a00000)
  to   space 42496K, 0% used [0x000000073f700000,0x000000073f700000,0x0000000742080000)
 ParOldGen       total 686592K, used 0K [0x000000058f000000, 0x00000005b8e80000, 0x000000072fa80000)
  object space 686592K, 0% used [0x000000058f000000,0x000000058f000000,0x00000005b8e80000)
 PSPermGen       total 21504K, used 768K [0x0000000584a00000, 0x0000000585f00000, 0x000000058f000000)
  object space 21504K, 3% used [0x0000000584a00000,0x0000000584ac0210,0x0000000585f00000)

Card table byte_map: [0x00002b8d47000000,0x00002b8d483dc000] byte_map_base: 0x00002b8d443db000

Polling page: 0x00002b8d3c026000

Code Cache  [0x00002b8d44000000, 0x00002b8d44270000, 0x00002b8d47000000)
 total_blobs=41 nmethods=0 adapters=20 free_code_cache=48867Kb largest_free_block=50039104

Compilation events (0 events):
No events

GC Heap History (0 events):
No events

Deoptimization events (0 events):
No events

Internal exceptions (0 events):
No events

Events (10 events):
Event: 0.030 loading class 0x00002b8d3ff73370 done
Event: 0.030 loading class 0x00002b8d3ff733c0
Event: 0.030 loading class 0x00002b8d3ff733c0 done
Event: 0.030 loading class 0x00002b8d3ff73410
Event: 0.030 loading class 0x00002b8d3ff73410 done
Event: 0.030 loading class 0x00002b8d3ff74190
Event: 0.030 loading class 0x00002b8d3ff74190 done
Event: 0.030 loading class 0x00002b8d3ff73db0
Event: 0.030 loading class 0x00002b8d3ff73db0 done
Event: 0.031 Thread 0x00002b8d40008000 Thread added: 0x00002b8d40008000


Dynamic libraries:
00400000-00401000 r-xp 00000000 08:02 122162226                          /usr/lib/jvm/java-7-openjdk-amd64/jre/bin/java
00600000-00601000 r--p 00000000 08:02 122162226                          /usr/lib/jvm/java-7-openjdk-amd64/jre/bin/java
00601000-00602000 rw-p 00001000 08:02 122162226                          /usr/lib/jvm/java-7-openjdk-amd64/jre/bin/java
00d5a000-00d7b000 rw-p 00000000 00:00 0                                  [heap]
584a00000-585f00000 rw-p 00000000 00:00 0 
585f00000-58f000000 rw-p 00000000 00:00 0 
58f000000-5b8e80000 rw-p 00000000 00:00 0 
5b8e80000-72fa80000 rw-p 00000000 00:00 0 
72fa80000-744a00000 rw-p 00000000 00:00 0 
744a00000-800000000 rw-p 00000000 00:00 0 
2b8d3c001000-2b8d3c024000 r-xp 00000000 08:02 94113807                   /lib/x86_64-linux-gnu/ld-2.19.so
2b8d3c024000-2b8d3c026000 rw-p 00000000 00:00 0 
2b8d3c026000-2b8d3c027000 r--p 00000000 00:00 0 
2b8d3c027000-2b8d3c028000 rw-p 00000000 00:00 0 
2b8d3c028000-2b8d3c030000 rw-s 00000000 08:02 217841735                  /tmp/hsperfdata_ramarty/7882
2b8d3c040000-2b8d3c045000 rw-p 00000000 00:00 0 
2b8d3c045000-2b8d3c048000 ---p 00000000 00:00 0 
2b8d3c048000-2b8d3c146000 rw-p 00000000 00:00 0                          [stack:7883]
2b8d3c146000-2b8d3c17b000 r--s 00000000 08:02 7608132                    /var/cache/nscd/passwd
2b8d3c17b000-2b8d3c186000 rw-p 00000000 00:00 0 
2b8d3c186000-2b8d3c1ce000 rw-p 00000000 00:00 0 
2b8d3c1ce000-2b8d3c217000 rw-p 00000000 00:00 0 
2b8d3c223000-2b8d3c224000 r--p 00022000 08:02 94113807                   /lib/x86_64-linux-gnu/ld-2.19.so
2b8d3c224000-2b8d3c225000 rw-p 00023000 08:02 94113807                   /lib/x86_64-linux-gnu/ld-2.19.so
2b8d3c225000-2b8d3c226000 rw-p 00000000 00:00 0 
2b8d3c226000-2b8d3c233000 r-xp 00000000 08:02 122290347                  /usr/lib/jvm/java-7-openjdk-amd64/jre/lib/amd64/jli/libjli.so
2b8d3c233000-2b8d3c432000 ---p 0000d000 08:02 122290347                  /usr/lib/jvm/java-7-openjdk-amd64/jre/lib/amd64/jli/libjli.so
2b8d3c432000-2b8d3c433000 r--p 0000c000 08:02 122290347                  /usr/lib/jvm/java-7-openjdk-amd64/jre/lib/amd64/jli/libjli.so
2b8d3c433000-2b8d3c434000 rw-p 0000d000 08:02 122290347                  /usr/lib/jvm/java-7-openjdk-amd64/jre/lib/amd64/jli/libjli.so
2b8d3c434000-2b8d3c5ef000 r-xp 00000000 08:02 94113811                   /lib/x86_64-linux-gnu/libc-2.19.so
2b8d3c5ef000-2b8d3c7ee000 ---p 001bb000 08:02 94113811                   /lib/x86_64-linux-gnu/libc-2.19.so
2b8d3c7ee000-2b8d3c7f2000 r--p 001ba000 08:02 94113811                   /lib/x86_64-linux-gnu/libc-2.19.so
2b8d3c7f2000-2b8d3c7f4000 rw-p 001be000 08:02 94113811                   /lib/x86_64-linux-gnu/libc-2.19.so
2b8d3c7f4000-2b8d3c7f9000 rw-p 00000000 00:00 0 
2b8d3c7f9000-2b8d3c7fc000 r-xp 00000000 08:02 94113671                   /lib/x86_64-linux-gnu/libdl-2.19.so
2b8d3c7fc000-2b8d3c9fb000 ---p 00003000 08:02 94113671                   /lib/x86_64-linux-gnu/libdl-2.19.so
2b8d3c9fb000-2b8d3c9fc000 r--p 00002000 08:02 94113671                   /lib/x86_64-linux-gnu/libdl-2.19.so
2b8d3c9fc000-2b8d3c9fd000 rw-p 00003000 08:02 94113671                   /lib/x86_64-linux-gnu/libdl-2.19.so
2b8d3c9fd000-2b8d3ca16000 r-xp 00000000 08:02 94113812                   /lib/x86_64-linux-gnu/libpthread-2.19.so
2b8d3ca16000-2b8d3cc15000 ---p 00019000 08:02 94113812                   /lib/x86_64-linux-gnu/libpthread-2.19.so
2b8d3cc15000-2b8d3cc16000 r--p 00018000 08:02 94113812                   /lib/x86_64-linux-gnu/libpthread-2.19.so
2b8d3cc16000-2b8d3cc17000 rw-p 00019000 08:02 94113812                   /lib/x86_64-linux-gnu/libpthread-2.19.so
2b8d3cc17000-2b8d3cc1b000 rw-p 00000000 00:00 0 
2b8d3cc1b000-2b8d3cc33000 r-xp 00000000 08:02 94113554                   /lib/x86_64-linux-gnu/libz.so.1.2.8
2b8d3cc33000-2b8d3ce32000 ---p 00018000 08:02 94113554                   /lib/x86_64-linux-gnu/libz.so.1.2.8
2b8d3ce32000-2b8d3ce33000 r--p 00017000 08:02 94113554                   /lib/x86_64-linux-gnu/libz.so.1.2.8
2b8d3ce33000-2b8d3ce34000 rw-p 00018000 08:02 94113554                   /lib/x86_64-linux-gnu/libz.so.1.2.8
2b8d3ce34000-2b8d3d94d000 r-xp 00000000 08:02 122290706                  /usr/lib/jvm/java-7-openjdk-amd64/jre/lib/amd64/server/libjvm.so
2b8d3d94d000-2b8d3db4d000 ---p 00b19000 08:02 122290706                  /usr/lib/jvm/java-7-openjdk-amd64/jre/lib/amd64/server/libjvm.so
2b8d3db4d000-2b8d3dbe7000 r--p 00b19000 08:02 122290706                  /usr/lib/jvm/java-7-openjdk-amd64/jre/lib/amd64/server/libjvm.so
2b8d3dbe7000-2b8d3dc0a000 rw-p 00bb3000 08:02 122290706                  /usr/lib/jvm/java-7-openjdk-amd64/jre/lib/amd64/server/libjvm.so
2b8d3dc0a000-2b8d3dc38000 rw-p 00000000 00:00 0 
2b8d3dc38000-2b8d3dd1e000 r-xp 00000000 08:02 121372800                  /usr/lib/x86_64-linux-gnu/libstdc++.so.6.0.19
2b8d3dd1e000-2b8d3df1d000 ---p 000e6000 08:02 121372800                  /usr/lib/x86_64-linux-gnu/libstdc++.so.6.0.19
2b8d3df1d000-2b8d3df25000 r--p 000e5000 08:02 121372800                  /usr/lib/x86_64-linux-gnu/libstdc++.so.6.0.19
2b8d3df25000-2b8d3df27000 rw-p 000ed000 08:02 121372800                  /usr/lib/x86_64-linux-gnu/libstdc++.so.6.0.19
2b8d3df27000-2b8d3df3c000 rw-p 00000000 00:00 0 
2b8d3df3c000-2b8d3e041000 r-xp 00000000 08:02 94113628                   /lib/x86_64-linux-gnu/libm-2.19.so
2b8d3e041000-2b8d3e240000 ---p 00105000 08:02 94113628                   /lib/x86_64-linux-gnu/libm-2.19.so
2b8d3e240000-2b8d3e241000 r--p 00104000 08:02 94113628                   /lib/x86_64-linux-gnu/libm-2.19.so
2b8d3e241000-2b8d3e242000 rw-p 00105000 08:02 94113628                   /lib/x86_64-linux-gnu/libm-2.19.so
2b8d3e242000-2b8d3e258000 r-xp 00000000 08:02 94113547                   /lib/x86_64-linux-gnu/libgcc_s.so.1
2b8d3e258000-2b8d3e457000 ---p 00016000 08:02 94113547                   /lib/x86_64-linux-gnu/libgcc_s.so.1
2b8d3e457000-2b8d3e458000 rw-p 00015000 08:02 94113547                   /lib/x86_64-linux-gnu/libgcc_s.so.1
2b8d3e458000-2b8d3e45f000 r-xp 00000000 08:02 94113815                   /lib/x86_64-linux-gnu/librt-2.19.so
2b8d3e45f000-2b8d3e65e000 ---p 00007000 08:02 94113815                   /lib/x86_64-linux-gnu/librt-2.19.so
2b8d3e65e000-2b8d3e65f000 r--p 00006000 08:02 94113815                   /lib/x86_64-linux-gnu/librt-2.19.so
2b8d3e65f000-2b8d3e660000 rw-p 00007000 08:02 94113815                   /lib/x86_64-linux-gnu/librt-2.19.so
2b8d3e660000-2b8d3e670000 r-xp 00000000 08:02 122290720                  /usr/lib/jvm/java-7-openjdk-amd64/jre/lib/amd64/libverify.so
2b8d3e670000-2b8d3e86f000 ---p 00010000 08:02 122290720                  /usr/lib/jvm/java-7-openjdk-amd64/jre/lib/amd64/libverify.so
2b8d3e86f000-2b8d3e871000 r--p 0000f000 08:02 122290720                  /usr/lib/jvm/java-7-openjdk-amd64/jre/lib/amd64/libverify.so
2b8d3e871000-2b8d3e872000 rw-p 00011000 08:02 122290720                  /usr/lib/jvm/java-7-openjdk-amd64/jre/lib/amd64/libverify.so
2b8d3e872000-2b8d3e89d000 r-xp 00000000 08:02 122293746                  /usr/lib/jvm/java-7-openjdk-amd64/jre/lib/amd64/libjava.so
2b8d3e89d000-2b8d3ea9c000 ---p 0002b000 08:02 122293746                  /usr/lib/jvm/java-7-openjdk-amd64/jre/lib/amd64/libjava.so
2b8d3ea9c000-2b8d3ea9d000 r--p 0002a000 08:02 122293746                  /usr/lib/jvm/java-7-openjdk-amd64/jre/lib/amd64/libjava.so
2b8d3ea9d000-2b8d3ea9f000 rw-p 0002b000 08:02 122293746                  /usr/lib/jvm/java-7-openjdk-amd64/jre/lib/amd64/libjava.so
2b8d3ea9f000-2b8d3eaa7000 r-xp 00000000 08:02 122290250                  /usr/lib/jvm/java-7-openjdk-amd64/jre/lib/amd64/libzip.so
2b8d3eaa7000-2b8d3eca6000 ---p 00008000 08:02 122290250                  /usr/lib/jvm/java-7-openjdk-amd64/jre/lib/amd64/libzip.so
2b8d3eca6000-2b8d3eca7000 r--p 00007000 08:02 122290250                  /usr/lib/jvm/java-7-openjdk-amd64/jre/lib/amd64/libzip.so
2b8d3eca7000-2b8d3eca8000 rw-p 00008000 08:02 122290250                  /usr/lib/jvm/java-7-openjdk-amd64/jre/lib/amd64/libzip.so
2b8d3eca8000-2b8d3ecb2000 rw-p 00000000 00:00 0 
2b8d3ecb2000-2b8d3ed68000 rw-p 00000000 00:00 0 
2b8d3ed68000-2b8d3eeb8000 rw-p 00000000 00:00 0 
2b8d3eeb8000-2b8d3fa6e000 rw-p 00000000 00:00 0 
2b8d3fa6e000-2b8d3fa6f000 ---p 00000000 00:00 0 
2b8d3fa6f000-2b8d3fb6f000 rw-p 00000000 00:00 0                          [stack:7884]
2b8d3fb6f000-2b8d3fb70000 ---p 00000000 00:00 0 
2b8d3fb70000-2b8d3fc70000 rw-p 00000000 00:00 0                          [stack:7885]
2b8d3fc70000-2b8d3fc71000 ---p 00000000 00:00 0 
2b8d3fc71000-2b8d3fd71000 rw-p 00000000 00:00 0                          [stack:7886]
2b8d3fd71000-2b8d3fd72000 ---p 00000000 00:00 0 
2b8d3fd72000-2b8d3fe72000 rw-p 00000000 00:00 0                          [stack:7887]
2b8d3fe72000-2b8d3fe73000 ---p 00000000 00:00 0 
2b8d3fe73000-2b8d3ffce000 rw-p 00000000 00:00 0                          [stack:7888]
2b8d40000000-2b8d403c6000 rw-p 00000000 00:00 0 
2b8d403c6000-2b8d44000000 ---p 00000000 00:00 0 
2b8d44000000-2b8d44270000 rwxp 00000000 00:00 0 
2b8d44270000-2b8d47000000 rw-p 00000000 00:00 0 
2b8d47000000-2b8d4700b000 rw-p 00000000 00:00 0 
2b8d4700b000-2b8d47053000 rw-p 00000000 00:00 0 
2b8d47053000-2b8d471a3000 rw-p 00000000 00:00 0 
2b8d471a3000-2b8d47d58000 rw-p 00000000 00:00 0 
2b8d47d58000-2b8d47e00000 rw-p 00000000 00:00 0 
2b8d47e00000-2b8d483db000 rw-p 00000000 00:00 0 
2b8d483db000-2b8d483dc000 rw-p 00000000 00:00 0 
2b8d483dc000-2b8d483dd000 ---p 00000000 00:00 0 
2b8d483dd000-2b8d484dd000 rw-p 00000000 00:00 0                          [stack:7889]
2b8d484dd000-2b8d484de000 ---p 00000000 00:00 0 
2b8d484de000-2b8d485de000 rw-p 00000000 00:00 0                          [stack:7890]
2b8d485de000-2b8d485df000 ---p 00000000 00:00 0 
2b8d485df000-2b8d486df000 rw-p 00000000 00:00 0                          [stack:7891]
2b8d486df000-2b8d486e0000 ---p 00000000 00:00 0 
2b8d486e0000-2b8d487e0000 rw-p 00000000 00:00 0                          [stack:7892]
2b8d487e0000-2b8d487e1000 ---p 00000000 00:00 0 
2b8d487e1000-2b8d488e1000 rw-p 00000000 00:00 0                          [stack:7893]
2b8d488e1000-2b8d488e2000 ---p 00000000 00:00 0 
2b8d488e2000-2b8d489e2000 rw-p 00000000 00:00 0                          [stack:7894]
2b8d489e2000-2b8d489e3000 ---p 00000000 00:00 0 
2b8d489e3000-2b8d48ae3000 rw-p 00000000 00:00 0                          [stack:7895]
2b8d48ae3000-2b8d48ae4000 ---p 00000000 00:00 0 
2b8d48ae4000-2b8d48be4000 rw-p 00000000 00:00 0                          [stack:7896]
2b8d48be4000-2b8d48be5000 ---p 00000000 00:00 0 
2b8d48be5000-2b8d48ce5000 rw-p 00000000 00:00 0                          [stack:7897]
2b8d48ce5000-2b8d48ce6000 ---p 00000000 00:00 0 
2b8d48ce6000-2b8d48de6000 rw-p 00000000 00:00 0                          [stack:7898]
2b8d48de6000-2b8d48de7000 ---p 00000000 00:00 0 
2b8d48de7000-2b8d48ee7000 rw-p 00000000 00:00 0                          [stack:7899]
2b8d48ee7000-2b8d48ee8000 ---p 00000000 00:00 0 
2b8d48ee8000-2b8d48fe8000 rw-p 00000000 00:00 0                          [stack:7900]
2b8d48fe8000-2b8d48fe9000 ---p 00000000 00:00 0 
2b8d48fe9000-2b8d490e9000 rw-p 00000000 00:00 0                          [stack:7901]
2b8d490e9000-2b8d490ea000 ---p 00000000 00:00 0 
2b8d490ea000-2b8d491ea000 rw-p 00000000 00:00 0                          [stack:7902]
2b8d491ea000-2b8d491eb000 ---p 00000000 00:00 0 
2b8d491eb000-2b8d492eb000 rw-p 00000000 00:00 0                          [stack:7903]
2b8d492eb000-2b8d492ec000 ---p 00000000 00:00 0 
2b8d492ec000-2b8d493ec000 rw-p 00000000 00:00 0                          [stack:7904]
2b8d493ec000-2b8d493ed000 ---p 00000000 00:00 0 
2b8d493ed000-2b8d494ed000 rw-p 00000000 00:00 0                          [stack:7905]
2b8d494ed000-2b8d494ee000 ---p 00000000 00:00 0 
2b8d494ee000-2b8d4ab06000 rw-p 00000000 00:00 0                          [stack:7906]
2b8d4ab06000-2b8d4acb7000 r--s 01d29000 08:02 122159439                  /usr/lib/jvm/java-7-openjdk-amd64/jre/lib/rt.jar
2b8d4acb7000-2b8d4bfca000 rw-p 00000000 00:00 0 
2b8d4c000000-2b8d4c021000 rw-p 00000000 00:00 0 
2b8d4c021000-2b8d50000000 ---p 00000000 00:00 0 
2b8d50000000-2b8d50021000 rw-p 00000000 00:00 0 
2b8d50021000-2b8d54000000 ---p 00000000 00:00 0 
2b8d54000000-2b8d54021000 rw-p 00000000 00:00 0 
2b8d54021000-2b8d58000000 ---p 00000000 00:00 0 
2b8d58000000-2b8d58021000 rw-p 00000000 00:00 0 
2b8d58021000-2b8d5c000000 ---p 00000000 00:00 0 
2b8d5c000000-2b8d5c021000 rw-p 00000000 00:00 0 
2b8d5c021000-2b8d60000000 ---p 00000000 00:00 0 
2b8d60000000-2b8d60021000 rw-p 00000000 00:00 0 
2b8d60021000-2b8d64000000 ---p 00000000 00:00 0 
2b8d64000000-2b8d64021000 rw-p 00000000 00:00 0 
2b8d64021000-2b8d68000000 ---p 00000000 00:00 0 
2b8d68000000-2b8d68021000 rw-p 00000000 00:00 0 
2b8d68021000-2b8d6c000000 ---p 00000000 00:00 0 
2b8d6c000000-2b8d6c021000 rw-p 00000000 00:00 0 
2b8d6c021000-2b8d70000000 ---p 00000000 00:00 0 
2b8d70000000-2b8d70021000 rw-p 00000000 00:00 0 
2b8d70021000-2b8d74000000 ---p 00000000 00:00 0 
2b8d74000000-2b8d74021000 rw-p 00000000 00:00 0 
2b8d74021000-2b8d78000000 ---p 00000000 00:00 0 
2b8d78000000-2b8d78021000 rw-p 00000000 00:00 0 
2b8d78021000-2b8d7c000000 ---p 00000000 00:00 0 
2b8d7c000000-2b8d7c021000 rw-p 00000000 00:00 0 
2b8d7c021000-2b8d80000000 ---p 00000000 00:00 0 
2b8d80000000-2b8d80021000 rw-p 00000000 00:00 0 
2b8d80021000-2b8d84000000 ---p 00000000 00:00 0 
2b8d84000000-2b8d84021000 rw-p 00000000 00:00 0 
2b8d84021000-2b8d88000000 ---p 00000000 00:00 0 
2b8d88000000-2b8d88021000 rw-p 00000000 00:00 0 
2b8d88021000-2b8d8c000000 ---p 00000000 00:00 0 
2b8d8c000000-2b8d8c021000 rw-p 00000000 00:00 0 
2b8d8c021000-2b8d90000000 ---p 00000000 00:00 0 
2b8d90000000-2b8d90021000 rw-p 00000000 00:00 0 
2b8d90021000-2b8d94000000 ---p 00000000 00:00 0 
2b8d94000000-2b8d94021000 rw-p 00000000 00:00 0 
2b8d94021000-2b8d98000000 ---p 00000000 00:00 0 
2b8d98000000-2b8d9b535000 rw-p 00000000 00:00 0 
2b8d9b535000-2b8d9b536000 ---p 00000000 00:00 0 
2b8d9b536000-2b8d9b636000 rw-p 00000000 00:00 0                          [stack:7907]
2b8d9c000000-2b8d9c021000 rw-p 00000000 00:00 0 
2b8d9c021000-2b8da0000000 ---p 00000000 00:00 0 
2b8da0000000-2b8da0021000 rw-p 00000000 00:00 0 
2b8da0021000-2b8da4000000 ---p 00000000 00:00 0 
2b8da4000000-2b8da4021000 rw-p 00000000 00:00 0 
2b8da4021000-2b8da8000000 ---p 00000000 00:00 0 
2b8dac000000-2b8dac021000 rw-p 00000000 00:00 0 
2b8dac021000-2b8db0000000 ---p 00000000 00:00 0 
2b8db0000000-2b8dc3db0000 rw-p 00000000 00:00 0 
7fffd3a4b000-7fffd3a6c000 rw-p 00000000 00:00 0                          [stack]
7fffd3b4b000-7fffd3b4d000 r-xp 00000000 00:00 0                          [vdso]
ffffffffff600000-ffffffffff601000 r-xp 00000000 00:00 0                  [vsyscall]

VM Arguments:
jvm_args: -Djava.io.tmpdir=/cellar/users/ramarty/Projects/hla_new/data/typing_the_hla/snp2hla/tcga_filtered_hwe_rs_IMPUTED.javatmpdir -Xmx10000m 
java_command: /cellar/users/ramarty/programs/SNP2HLA_package_v1.0.3/SNP2HLA/beagle2linkage.jar /cellar/users/ramarty/Projects/hla_new/data/typing_the_hla/snp2hla/tcga_filtered_hwe_rs_IMPUTED.tmp
Launcher Type: SUN_STANDARD

Environment Variables:
JAVA_HOME=/cellar/software/java/jdk1.7.0_72
PATH=/tmp/103362.1.all.q:/usr/local/bin:/bin:/usr/bin
SHELL=/bin/csh
HOSTTYPE=x86_64-linux
OSTYPE=linux
MACHTYPE=x86_64

Signal Handlers:
SIGSEGV: [libjvm.so+0x94bab0], sa_mask[0]=0x7ffbfeff, sa_flags=0x10000004
SIGBUS: [libjvm.so+0x94bab0], sa_mask[0]=0x7ffbfeff, sa_flags=0x10000004
SIGFPE: [libjvm.so+0x7c38b0], sa_mask[0]=0x7ffbfeff, sa_flags=0x10000004
SIGPIPE: [libjvm.so+0x7c38b0], sa_mask[0]=0x7ffbfeff, sa_flags=0x10000004
SIGXFSZ: [libjvm.so+0x7c38b0], sa_mask[0]=0x7ffbfeff, sa_flags=0x10000004
SIGILL: [libjvm.so+0x7c38b0], sa_mask[0]=0x7ffbfeff, sa_flags=0x10000004
SIGUSR1: SIG_DFL, sa_mask[0]=0x00000000, sa_flags=0x00000000
SIGUSR2: [libjvm.so+0x7c3750], sa_mask[0]=0x00000000, sa_flags=0x10000004
SIGHUP: SIG_DFL, sa_mask[0]=0x00000000, sa_flags=0x00000000
SIGINT: SIG_DFL, sa_mask[0]=0x00000000, sa_flags=0x00000000
SIGTERM: SIG_DFL, sa_mask[0]=0x00000000, sa_flags=0x00000000
SIGQUIT: SIG_DFL, sa_mask[0]=0x00000000, sa_flags=0x00000000
SIGTRAP: SIG_DFL, sa_mask[0]=0x00000000, sa_flags=0x00000000


---------------  S Y S T E M  ---------------

OS:Ubuntu 14.04 (trusty)
uname:Linux 3.13.0-52-generic #86-Ubuntu SMP Mon May 4 04:32:59 UTC 2015 x86_64
libc:glibc 2.19 NPTL 2.19 
rlimit: STACK infinity, CORE infinity, NPROC 514971, NOFILE 640000, AS 12582912k
load average:6.92 7.32 7.41

/proc/meminfo:
MemTotal:       65937904 kB
MemFree:         3641144 kB
Buffers:          273780 kB
Cached:         55280524 kB
SwapCached:        16176 kB
Active:         30140460 kB
Inactive:       30564196 kB
Active(anon):    3526592 kB
Inactive(anon):  1696440 kB
Active(file):   26613868 kB
Inactive(file): 28867756 kB
Unevictable:       46260 kB
Mlocked:           46260 kB
SwapTotal:      31302732 kB
SwapFree:       31192676 kB
Dirty:               160 kB
Writeback:            12 kB
AnonPages:       5183144 kB
Mapped:            25024 kB
Shmem:             69176 kB
Slab:             663004 kB
SReclaimable:     557324 kB
SUnreclaim:       105680 kB
KernelStack:        4704 kB
PageTables:        17768 kB
NFS_Unstable:          0 kB
Bounce:                0 kB
WritebackTmp:          0 kB
CommitLimit:    64271684 kB
Committed_AS:    7440596 kB
VmallocTotal:   34359738367 kB
VmallocUsed:      452108 kB
VmallocChunk:   34325174640 kB
HardwareCorrupted:     0 kB
AnonHugePages:   4352000 kB
HugePages_Total:       0
HugePages_Free:        0
HugePages_Rsvd:        0
HugePages_Surp:        0
Hugepagesize:       2048 kB
DirectMap4k:      190256 kB
DirectMap2M:    12357632 kB
DirectMap1G:    54525952 kB


CPU:total 32 (8 cores per cpu, 2 threads per core) family 6 model 45 stepping 7, cmov, cx8, fxsr, mmx, sse, sse2, sse3, ssse3, sse4.1, sse4.2, popcnt, avx, aes, ht, tsc, tscinvbit, tscinv

/proc/cpuinfo:
processor	: 0
vendor_id	: GenuineIntel
cpu family	: 6
model		: 45
model name	: Intel(R) Xeon(R) CPU E5-2670 0 @ 2.60GHz
stepping	: 7
microcode	: 0x70d
cpu MHz		: 1200.000
cache size	: 20480 KB
physical id	: 0
siblings	: 16
core id		: 0
cpu cores	: 8
apicid		: 0
initial apicid	: 0
fpu		: yes
fpu_exception	: yes
cpuid level	: 13
wp		: yes
flags		: fpu vme de pse tsc msr pae mce cx8 apic sep mtrr pge mca cmov pat pse36 clflush dts acpi mmx fxsr sse sse2 ss ht tm pbe syscall nx pdpe1gb rdtscp lm constant_tsc arch_perfmon pebs bts rep_good nopl xtopology nonstop_tsc aperfmperf eagerfpu pni pclmulqdq dtes64 monitor ds_cpl vmx smx est tm2 ssse3 cx16 xtpr pdcm pcid dca sse4_1 sse4_2 x2apic popcnt tsc_deadline_timer aes xsave avx lahf_lm ida arat epb xsaveopt pln pts dtherm tpr_shadow vnmi flexpriority ept vpid
bogomips	: 5187.15
clflush size	: 64
cache_alignment	: 64
address sizes	: 46 bits physical, 48 bits virtual
power management:

processor	: 1
vendor_id	: GenuineIntel
cpu family	: 6
model		: 45
model name	: Intel(R) Xeon(R) CPU E5-2670 0 @ 2.60GHz
stepping	: 7
microcode	: 0x70d
cpu MHz		: 1200.000
cache size	: 20480 KB
physical id	: 0
siblings	: 16
core id		: 1
cpu cores	: 8
apicid		: 2
initial apicid	: 2
fpu		: yes
fpu_exception	: yes
cpuid level	: 13
wp		: yes
flags		: fpu vme de pse tsc msr pae mce cx8 apic sep mtrr pge mca cmov pat pse36 clflush dts acpi mmx fxsr sse sse2 ss ht tm pbe syscall nx pdpe1gb rdtscp lm constant_tsc arch_perfmon pebs bts rep_good nopl xtopology nonstop_tsc aperfmperf eagerfpu pni pclmulqdq dtes64 monitor ds_cpl vmx smx est tm2 ssse3 cx16 xtpr pdcm pcid dca sse4_1 sse4_2 x2apic popcnt tsc_deadline_timer aes xsave avx lahf_lm ida arat epb xsaveopt pln pts dtherm tpr_shadow vnmi flexpriority ept vpid
bogomips	: 5187.15
clflush size	: 64
cache_alignment	: 64
address sizes	: 46 bits physical, 48 bits virtual
power management:

processor	: 2
vendor_id	: GenuineIntel
cpu family	: 6
model		: 45
model name	: Intel(R) Xeon(R) CPU E5-2670 0 @ 2.60GHz
stepping	: 7
microcode	: 0x70d
cpu MHz		: 2600.000
cache size	: 20480 KB
physical id	: 0
siblings	: 16
core id		: 2
cpu cores	: 8
apicid		: 4
initial apicid	: 4
fpu		: yes
fpu_exception	: yes
cpuid level	: 13
wp		: yes
flags		: fpu vme de pse tsc msr pae mce cx8 apic sep mtrr pge mca cmov pat pse36 clflush dts acpi mmx fxsr sse sse2 ss ht tm pbe syscall nx pdpe1gb rdtscp lm constant_tsc arch_perfmon pebs bts rep_good nopl xtopology nonstop_tsc aperfmperf eagerfpu pni pclmulqdq dtes64 monitor ds_cpl vmx smx est tm2 ssse3 cx16 xtpr pdcm pcid dca sse4_1 sse4_2 x2apic popcnt tsc_deadline_timer aes xsave avx lahf_lm ida arat epb xsaveopt pln pts dtherm tpr_shadow vnmi flexpriority ept vpid
bogomips	: 5187.15
clflush size	: 64
cache_alignment	: 64
address sizes	: 46 bits physical, 48 bits virtual
power management:

processor	: 3
vendor_id	: GenuineIntel
cpu family	: 6
model		: 45
model name	: Intel(R) Xeon(R) CPU E5-2670 0 @ 2.60GHz
stepping	: 7
microcode	: 0x70d
cpu MHz		: 1200.000
cache size	: 20480 KB
physical id	: 0
siblings	: 16
core id		: 3
cpu cores	: 8
apicid		: 6
initial apicid	: 6
fpu		: yes
fpu_exception	: yes
cpuid level	: 13
wp		: yes
flags		: fpu vme de pse tsc msr pae mce cx8 apic sep mtrr pge mca cmov pat pse36 clflush dts acpi mmx fxsr sse sse2 ss ht tm pbe syscall nx pdpe1gb rdtscp lm constant_tsc arch_perfmon pebs bts rep_good nopl xtopology nonstop_tsc aperfmperf eagerfpu pni pclmulqdq dtes64 monitor ds_cpl vmx smx est tm2 ssse3 cx16 xtpr pdcm pcid dca sse4_1 sse4_2 x2apic popcnt tsc_deadline_timer aes xsave avx lahf_lm ida arat epb xsaveopt pln pts dtherm tpr_shadow vnmi flexpriority ept vpid
bogomips	: 5187.15
clflush size	: 64
cache_alignment	: 64
address sizes	: 46 bits physical, 48 bits virtual
power management:

processor	: 4
vendor_id	: GenuineIntel
cpu family	: 6
model		: 45
model name	: Intel(R) Xeon(R) CPU E5-2670 0 @ 2.60GHz
stepping	: 7
microcode	: 0x70d
cpu MHz		: 2132.000
cache size	: 20480 KB
physical id	: 0
siblings	: 16
core id		: 4
cpu cores	: 8
apicid		: 8
initial apicid	: 8
fpu		: yes
fpu_exception	: yes
cpuid level	: 13
wp		: yes
flags		: fpu vme de pse tsc msr pae mce cx8 apic sep mtrr pge mca cmov pat pse36 clflush dts acpi mmx fxsr sse sse2 ss ht tm pbe syscall nx pdpe1gb rdtscp lm constant_tsc arch_perfmon pebs bts rep_good nopl xtopology nonstop_tsc aperfmperf eagerfpu pni pclmulqdq dtes64 monitor ds_cpl vmx smx est tm2 ssse3 cx16 xtpr pdcm pcid dca sse4_1 sse4_2 x2apic popcnt tsc_deadline_timer aes xsave avx lahf_lm ida arat epb xsaveopt pln pts dtherm tpr_shadow vnmi flexpriority ept vpid
bogomips	: 5187.15
clflush size	: 64
cache_alignment	: 64
address sizes	: 46 bits physical, 48 bits virtual
power management:

processor	: 5
vendor_id	: GenuineIntel
cpu family	: 6
model		: 45
model name	: Intel(R) Xeon(R) CPU E5-2670 0 @ 2.60GHz
stepping	: 7
microcode	: 0x70d
cpu MHz		: 2600.000
cache size	: 20480 KB
physical id	: 0
siblings	: 16
core id		: 5
cpu cores	: 8
apicid		: 10
initial apicid	: 10
fpu		: yes
fpu_exception	: yes
cpuid level	: 13
wp		: yes
flags		: fpu vme de pse tsc msr pae mce cx8 apic sep mtrr pge mca cmov pat pse36 clflush dts acpi mmx fxsr sse sse2 ss ht tm pbe syscall nx pdpe1gb rdtscp lm constant_tsc arch_perfmon pebs bts rep_good nopl xtopology nonstop_tsc aperfmperf eagerfpu pni pclmulqdq dtes64 monitor ds_cpl vmx smx est tm2 ssse3 cx16 xtpr pdcm pcid dca sse4_1 sse4_2 x2apic popcnt tsc_deadline_timer aes xsave avx lahf_lm ida arat epb xsaveopt pln pts dtherm tpr_shadow vnmi flexpriority ept vpid
bogomips	: 5187.15
clflush size	: 64
cache_alignment	: 64
address sizes	: 46 bits physical, 48 bits virtual
power management:

processor	: 6
vendor_id	: GenuineIntel
cpu family	: 6
model		: 45
model name	: Intel(R) Xeon(R) CPU E5-2670 0 @ 2.60GHz
stepping	: 7
microcode	: 0x70d
cpu MHz		: 1200.000
cache size	: 20480 KB
physical id	: 0
siblings	: 16
core id		: 6
cpu cores	: 8
apicid		: 12
initial apicid	: 12
fpu		: yes
fpu_exception	: yes
cpuid level	: 13
wp		: yes
flags		: fpu vme de pse tsc msr pae mce cx8 apic sep mtrr pge mca cmov pat pse36 clflush dts acpi mmx fxsr sse sse2 ss ht tm pbe syscall nx pdpe1gb rdtscp lm constant_tsc arch_perfmon pebs bts rep_good nopl xtopology nonstop_tsc aperfmperf eagerfpu pni pclmulqdq dtes64 monitor ds_cpl vmx smx est tm2 ssse3 cx16 xtpr pdcm pcid dca sse4_1 sse4_2 x2apic popcnt tsc_deadline_timer aes xsave avx lahf_lm ida arat epb xsaveopt pln pts dtherm tpr_shadow vnmi flexpriority ept vpid
bogomips	: 5187.15
clflush size	: 64
cache_alignment	: 64
address sizes	: 46 bits physical, 48 bits virtual
power management:

processor	: 7
vendor_id	: GenuineIntel
cpu family	: 6
model		: 45
model name	: Intel(R) Xeon(R) CPU E5-2670 0 @ 2.60GHz
stepping	: 7
microcode	: 0x70d
cpu MHz		: 1200.000
cache size	: 20480 KB
physical id	: 0
siblings	: 16
core id		: 7
cpu cores	: 8
apicid		: 14
initial apicid	: 14
fpu		: yes
fpu_exception	: yes
cpuid level	: 13
wp		: yes
flags		: fpu vme de pse tsc msr pae mce cx8 apic sep mtrr pge mca cmov pat pse36 clflush dts acpi mmx fxsr sse sse2 ss ht tm pbe syscall nx pdpe1gb rdtscp lm constant_tsc arch_perfmon pebs bts rep_good nopl xtopology nonstop_tsc aperfmperf eagerfpu pni pclmulqdq dtes64 monitor ds_cpl vmx smx est tm2 ssse3 cx16 xtpr pdcm pcid dca sse4_1 sse4_2 x2apic popcnt tsc_deadline_timer aes xsave avx lahf_lm ida arat epb xsaveopt pln pts dtherm tpr_shadow vnmi flexpriority ept vpid
bogomips	: 5187.15
clflush size	: 64
cache_alignment	: 64
address sizes	: 46 bits physical, 48 bits virtual
power management:

processor	: 8
vendor_id	: GenuineIntel
cpu family	: 6
model		: 45
model name	: Intel(R) Xeon(R) CPU E5-2670 0 @ 2.60GHz
stepping	: 7
microcode	: 0x70d
cpu MHz		: 1200.000
cache size	: 20480 KB
physical id	: 1
siblings	: 16
core id		: 0
cpu cores	: 8
apicid		: 32
initial apicid	: 32
fpu		: yes
fpu_exception	: yes
cpuid level	: 13
wp		: yes
flags		: fpu vme de pse tsc msr pae mce cx8 apic sep mtrr pge mca cmov pat pse36 clflush dts acpi mmx fxsr sse sse2 ss ht tm pbe syscall nx pdpe1gb rdtscp lm constant_tsc arch_perfmon pebs bts rep_good nopl xtopology nonstop_tsc aperfmperf eagerfpu pni pclmulqdq dtes64 monitor ds_cpl vmx smx est tm2 ssse3 cx16 xtpr pdcm pcid dca sse4_1 sse4_2 x2apic popcnt tsc_deadline_timer aes xsave avx lahf_lm ida arat epb xsaveopt pln pts dtherm tpr_shadow vnmi flexpriority ept vpid
bogomips	: 5189.01
clflush size	: 64
cache_alignment	: 64
address sizes	: 46 bits physical, 48 bits virtual
power management:

processor	: 9
vendor_id	: GenuineIntel
cpu family	: 6
model		: 45
model name	: Intel(R) Xeon(R) CPU E5-2670 0 @ 2.60GHz
stepping	: 7
microcode	: 0x70d
cpu MHz		: 1200.000
cache size	: 20480 KB
physical id	: 1
siblings	: 16
core id		: 1
cpu cores	: 8
apicid		: 34
initial apicid	: 34
fpu		: yes
fpu_exception	: yes
cpuid level	: 13
wp		: yes
flags		: fpu vme de pse tsc msr pae mce cx8 apic sep mtrr pge mca cmov pat pse36 clflush dts acpi mmx fxsr sse sse2 ss ht tm pbe syscall nx pdpe1gb rdtscp lm constant_tsc arch_perfmon pebs bts rep_good nopl xtopology nonstop_tsc aperfmperf eagerfpu pni pclmulqdq dtes64 monitor ds_cpl vmx smx est tm2 ssse3 cx16 xtpr pdcm pcid dca sse4_1 sse4_2 x2apic popcnt tsc_deadline_timer aes xsave avx lahf_lm ida arat epb xsaveopt pln pts dtherm tpr_shadow vnmi flexpriority ept vpid
bogomips	: 5189.01
clflush size	: 64
cache_alignment	: 64
address sizes	: 46 bits physical, 48 bits virtual
power management:

processor	: 10
vendor_id	: GenuineIntel
cpu family	: 6
model		: 45
model name	: Intel(R) Xeon(R) CPU E5-2670 0 @ 2.60GHz
stepping	: 7
microcode	: 0x70d
cpu MHz		: 2600.000
cache size	: 20480 KB
physical id	: 1
siblings	: 16
core id		: 2
cpu cores	: 8
apicid		: 36
initial apicid	: 36
fpu		: yes
fpu_exception	: yes
cpuid level	: 13
wp		: yes
flags		: fpu vme de pse tsc msr pae mce cx8 apic sep mtrr pge mca cmov pat pse36 clflush dts acpi mmx fxsr sse sse2 ss ht tm pbe syscall nx pdpe1gb rdtscp lm constant_tsc arch_perfmon pebs bts rep_good nopl xtopology nonstop_tsc aperfmperf eagerfpu pni pclmulqdq dtes64 monitor ds_cpl vmx smx est tm2 ssse3 cx16 xtpr pdcm pcid dca sse4_1 sse4_2 x2apic popcnt tsc_deadline_timer aes xsave avx lahf_lm ida arat epb xsaveopt pln pts dtherm tpr_shadow vnmi flexpriority ept vpid
bogomips	: 5189.01
clflush size	: 64
cache_alignment	: 64
address sizes	: 46 bits physical, 48 bits virtual
power management:

processor	: 11
vendor_id	: GenuineIntel
cpu family	: 6
model		: 45
model name	: Intel(R) Xeon(R) CPU E5-2670 0 @ 2.60GHz
stepping	: 7
microcode	: 0x70d
cpu MHz		: 1200.000
cache size	: 20480 KB
physical id	: 1
siblings	: 16
core id		: 3
cpu cores	: 8
apicid		: 38
initial apicid	: 38
fpu		: yes
fpu_exception	: yes
cpuid level	: 13
wp		: yes
flags		: fpu vme de pse tsc msr pae mce cx8 apic sep mtrr pge mca cmov pat pse36 clflush dts acpi mmx fxsr sse sse2 ss ht tm pbe syscall nx pdpe1gb rdtscp lm constant_tsc arch_perfmon pebs bts rep_good nopl xtopology nonstop_tsc aperfmperf eagerfpu pni pclmulqdq dtes64 monitor ds_cpl vmx smx est tm2 ssse3 cx16 xtpr pdcm pcid dca sse4_1 sse4_2 x2apic popcnt tsc_deadline_timer aes xsave avx lahf_lm ida arat epb xsaveopt pln pts dtherm tpr_shadow vnmi flexpriority ept vpid
bogomips	: 5189.01
clflush size	: 64
cache_alignment	: 64
address sizes	: 46 bits physical, 48 bits virtual
power management:

processor	: 12
vendor_id	: GenuineIntel
cpu family	: 6
model		: 45
model name	: Intel(R) Xeon(R) CPU E5-2670 0 @ 2.60GHz
stepping	: 7
microcode	: 0x70d
cpu MHz		: 1200.000
cache size	: 20480 KB
physical id	: 1
siblings	: 16
core id		: 4
cpu cores	: 8
apicid		: 40
initial apicid	: 40
fpu		: yes
fpu_exception	: yes
cpuid level	: 13
wp		: yes
flags		: fpu vme de pse tsc msr pae mce cx8 apic sep mtrr pge mca cmov pat pse36 clflush dts acpi mmx fxsr sse sse2 ss ht tm pbe syscall nx pdpe1gb rdtscp lm constant_tsc arch_perfmon pebs bts rep_good nopl xtopology nonstop_tsc aperfmperf eagerfpu pni pclmulqdq dtes64 monitor ds_cpl vmx smx est tm2 ssse3 cx16 xtpr pdcm pcid dca sse4_1 sse4_2 x2apic popcnt tsc_deadline_timer aes xsave avx lahf_lm ida arat epb xsaveopt pln pts dtherm tpr_shadow vnmi flexpriority ept vpid
bogomips	: 5189.01
clflush size	: 64
cache_alignment	: 64
address sizes	: 46 bits physical, 48 bits virtual
power management:

processor	: 13
vendor_id	: GenuineIntel
cpu family	: 6
model		: 45
model name	: Intel(R) Xeon(R) CPU E5-2670 0 @ 2.60GHz
stepping	: 7
microcode	: 0x70d
cpu MHz		: 1200.000
cache size	: 20480 KB
physical id	: 1
siblings	: 16
core id		: 5
cpu cores	: 8
apicid		: 42
initial apicid	: 42
fpu		: yes
fpu_exception	: yes
cpuid level	: 13
wp		: yes
flags		: fpu vme de pse tsc msr pae mce cx8 apic sep mtrr pge mca cmov pat pse36 clflush dts acpi mmx fxsr sse sse2 ss ht tm pbe syscall nx pdpe1gb rdtscp lm constant_tsc arch_perfmon pebs bts rep_good nopl xtopology nonstop_tsc aperfmperf eagerfpu pni pclmulqdq dtes64 monitor ds_cpl vmx smx est tm2 ssse3 cx16 xtpr pdcm pcid dca sse4_1 sse4_2 x2apic popcnt tsc_deadline_timer aes xsave avx lahf_lm ida arat epb xsaveopt pln pts dtherm tpr_shadow vnmi flexpriority ept vpid
bogomips	: 5189.01
clflush size	: 64
cache_alignment	: 64
address sizes	: 46 bits physical, 48 bits virtual
power management:

processor	: 14
vendor_id	: GenuineIntel
cpu family	: 6
model		: 45
model name	: Intel(R) Xeon(R) CPU E5-2670 0 @ 2.60GHz
stepping	: 7
microcode	: 0x70d
cpu MHz		: 1200.000
cache size	: 20480 KB
physical id	: 1
siblings	: 16
core id		: 6
cpu cores	: 8
apicid		: 44
initial apicid	: 44
fpu		: yes
fpu_exception	: yes
cpuid level	: 13
wp		: yes
flags		: fpu vme de pse tsc msr pae mce cx8 apic sep mtrr pge mca cmov pat pse36 clflush dts acpi mmx fxsr sse sse2 ss ht tm pbe syscall nx pdpe1gb rdtscp lm constant_tsc arch_perfmon pebs bts rep_good nopl xtopology nonstop_tsc aperfmperf eagerfpu pni pclmulqdq dtes64 monitor ds_cpl vmx smx est tm2 ssse3 cx16 xtpr pdcm pcid dca sse4_1 sse4_2 x2apic popcnt tsc_deadline_timer aes xsave avx lahf_lm ida arat epb xsaveopt pln pts dtherm tpr_shadow vnmi flexpriority ept vpid
bogomips	: 5189.01
clflush size	: 64
cache_alignment	: 64
address sizes	: 46 bits physical, 48 bits virtual
power management:

processor	: 15
vendor_id	: GenuineIntel
cpu family	: 6
model		: 45
model name	: Intel(R) Xeon(R) CPU E5-2670 0 @ 2.60GHz
stepping	: 7
microcode	: 0x70d
cpu MHz		: 2600.000
cache size	: 20480 KB
physical id	: 1
siblings	: 16
core id		: 7
cpu cores	: 8
apicid		: 46
initial apicid	: 46
fpu		: yes
fpu_exception	: yes
cpuid level	: 13
wp		: yes
flags		: fpu vme de pse tsc msr pae mce cx8 apic sep mtrr pge mca cmov pat pse36 clflush dts acpi mmx fxsr sse sse2 ss ht tm pbe syscall nx pdpe1gb rdtscp lm constant_tsc arch_perfmon pebs bts rep_good nopl xtopology nonstop_tsc aperfmperf eagerfpu pni pclmulqdq dtes64 monitor ds_cpl vmx smx est tm2 ssse3 cx16 xtpr pdcm pcid dca sse4_1 sse4_2 x2apic popcnt tsc_deadline_timer aes xsave avx lahf_lm ida arat epb xsaveopt pln pts dtherm tpr_shadow vnmi flexpriority ept vpid
bogomips	: 5189.01
clflush size	: 64
cache_alignment	: 64
address sizes	: 46 bits physical, 48 bits virtual
power management:

processor	: 16
vendor_id	: GenuineIntel
cpu family	: 6
model		: 45
model name	: Intel(R) Xeon(R) CPU E5-2670 0 @ 2.60GHz
stepping	: 7
microcode	: 0x70d
cpu MHz		: 1200.000
cache size	: 20480 KB
physical id	: 0
siblings	: 16
core id		: 0
cpu cores	: 8
apicid		: 1
initial apicid	: 1
fpu		: yes
fpu_exception	: yes
cpuid level	: 13
wp		: yes
flags		: fpu vme de pse tsc msr pae mce cx8 apic sep mtrr pge mca cmov pat pse36 clflush dts acpi mmx fxsr sse sse2 ss ht tm pbe syscall nx pdpe1gb rdtscp lm constant_tsc arch_perfmon pebs bts rep_good nopl xtopology nonstop_tsc aperfmperf eagerfpu pni pclmulqdq dtes64 monitor ds_cpl vmx smx est tm2 ssse3 cx16 xtpr pdcm pcid dca sse4_1 sse4_2 x2apic popcnt tsc_deadline_timer aes xsave avx lahf_lm ida arat epb xsaveopt pln pts dtherm tpr_shadow vnmi flexpriority ept vpid
bogomips	: 5187.15
clflush size	: 64
cache_alignment	: 64
address sizes	: 46 bits physical, 48 bits virtual
power management:

processor	: 17
vendor_id	: GenuineIntel
cpu family	: 6
model		: 45
model name	: Intel(R) Xeon(R) CPU E5-2670 0 @ 2.60GHz
stepping	: 7
microcode	: 0x70d
cpu MHz		: 2600.000
cache size	: 20480 KB
physical id	: 0
siblings	: 16
core id		: 1
cpu cores	: 8
apicid		: 3
initial apicid	: 3
fpu		: yes
fpu_exception	: yes
cpuid level	: 13
wp		: yes
flags		: fpu vme de pse tsc msr pae mce cx8 apic sep mtrr pge mca cmov pat pse36 clflush dts acpi mmx fxsr sse sse2 ss ht tm pbe syscall nx pdpe1gb rdtscp lm constant_tsc arch_perfmon pebs bts rep_good nopl xtopology nonstop_tsc aperfmperf eagerfpu pni pclmulqdq dtes64 monitor ds_cpl vmx smx est tm2 ssse3 cx16 xtpr pdcm pcid dca sse4_1 sse4_2 x2apic popcnt tsc_deadline_timer aes xsave avx lahf_lm ida arat epb xsaveopt pln pts dtherm tpr_shadow vnmi flexpriority ept vpid
bogomips	: 5187.15
clflush size	: 64
cache_alignment	: 64
address sizes	: 46 bits physical, 48 bits virtual
power management:

processor	: 18
vendor_id	: GenuineIntel
cpu family	: 6
model		: 45
model name	: Intel(R) Xeon(R) CPU E5-2670 0 @ 2.60GHz
stepping	: 7
microcode	: 0x70d
cpu MHz		: 1200.000
cache size	: 20480 KB
physical id	: 0
siblings	: 16
core id		: 2
cpu cores	: 8
apicid		: 5
initial apicid	: 5
fpu		: yes
fpu_exception	: yes
cpuid level	: 13
wp		: yes
flags		: fpu vme de pse tsc msr pae mce cx8 apic sep mtrr pge mca cmov pat pse36 clflush dts acpi mmx fxsr sse sse2 ss ht tm pbe syscall nx pdpe1gb rdtscp lm constant_tsc arch_perfmon pebs bts rep_good nopl xtopology nonstop_tsc aperfmperf eagerfpu pni pclmulqdq dtes64 monitor ds_cpl vmx smx est tm2 ssse3 cx16 xtpr pdcm pcid dca sse4_1 sse4_2 x2apic popcnt tsc_deadline_timer aes xsave avx lahf_lm ida arat epb xsaveopt pln pts dtherm tpr_shadow vnmi flexpriority ept vpid
bogomips	: 5187.15
clflush size	: 64
cache_alignment	: 64
address sizes	: 46 bits physical, 48 bits virtual
power management:

processor	: 19
vendor_id	: GenuineIntel
cpu family	: 6
model		: 45
model name	: Intel(R) Xeon(R) CPU E5-2670 0 @ 2.60GHz
stepping	: 7
microcode	: 0x70d
cpu MHz		: 1200.000
cache size	: 20480 KB
physical id	: 0
siblings	: 16
core id		: 3
cpu cores	: 8
apicid		: 7
initial apicid	: 7
fpu		: yes
fpu_exception	: yes
cpuid level	: 13
wp		: yes
flags		: fpu vme de pse tsc msr pae mce cx8 apic sep mtrr pge mca cmov pat pse36 clflush dts acpi mmx fxsr sse sse2 ss ht tm pbe syscall nx pdpe1gb rdtscp lm constant_tsc arch_perfmon pebs bts rep_good nopl xtopology nonstop_tsc aperfmperf eagerfpu pni pclmulqdq dtes64 monitor ds_cpl vmx smx est tm2 ssse3 cx16 xtpr pdcm pcid dca sse4_1 sse4_2 x2apic popcnt tsc_deadline_timer aes xsave avx lahf_lm ida arat epb xsaveopt pln pts dtherm tpr_shadow vnmi flexpriority ept vpid
bogomips	: 5187.15
clflush size	: 64
cache_alignment	: 64
address sizes	: 46 bits physical, 48 bits virtual
power management:

processor	: 20
vendor_id	: GenuineIntel
cpu family	: 6
model		: 45
model name	: Intel(R) Xeon(R) CPU E5-2670 0 @ 2.60GHz
stepping	: 7
microcode	: 0x70d
cpu MHz		: 2158.000
cache size	: 20480 KB
physical id	: 0
siblings	: 16
core id		: 4
cpu cores	: 8
apicid		: 9
initial apicid	: 9
fpu		: yes
fpu_exception	: yes
cpuid level	: 13
wp		: yes
flags		: fpu vme de pse tsc msr pae mce cx8 apic sep mtrr pge mca cmov pat pse36 clflush dts acpi mmx fxsr sse sse2 ss ht tm pbe syscall nx pdpe1gb rdtscp lm constant_tsc arch_perfmon pebs bts rep_good nopl xtopology nonstop_tsc aperfmperf eagerfpu pni pclmulqdq dtes64 monitor ds_cpl vmx smx est tm2 ssse3 cx16 xtpr pdcm pcid dca sse4_1 sse4_2 x2apic popcnt tsc_deadline_timer aes xsave avx lahf_lm ida arat epb xsaveopt pln pts dtherm tpr_shadow vnmi flexpriority ept vpid
bogomips	: 5187.15
clflush size	: 64
cache_alignment	: 64
address sizes	: 46 bits physical, 48 bits virtual
power management:

processor	: 21
vendor_id	: GenuineIntel
cpu family	: 6
model		: 45
model name	: Intel(R) Xeon(R) CPU E5-2670 0 @ 2.60GHz
stepping	: 7
microcode	: 0x70d
cpu MHz		: 1200.000
cache size	: 20480 KB
physical id	: 0
siblings	: 16
core id		: 5
cpu cores	: 8
apicid		: 11
initial apicid	: 11
fpu		: yes
fpu_exception	: yes
cpuid level	: 13
wp		: yes
flags		: fpu vme de pse tsc msr pae mce cx8 apic sep mtrr pge mca cmov pat pse36 clflush dts acpi mmx fxsr sse sse2 ss ht tm pbe syscall nx pdpe1gb rdtscp lm constant_tsc arch_perfmon pebs bts rep_good nopl xtopology nonstop_tsc aperfmperf eagerfpu pni pclmulqdq dtes64 monitor ds_cpl vmx smx est tm2 ssse3 cx16 xtpr pdcm pcid dca sse4_1 sse4_2 x2apic popcnt tsc_deadline_timer aes xsave avx lahf_lm ida arat epb xsaveopt pln pts dtherm tpr_shadow vnmi flexpriority ept vpid
bogomips	: 5187.15
clflush size	: 64
cache_alignment	: 64
address sizes	: 46 bits physical, 48 bits virtual
power management:

processor	: 22
vendor_id	: GenuineIntel
cpu family	: 6
model		: 45
model name	: Intel(R) Xeon(R) CPU E5-2670 0 @ 2.60GHz
stepping	: 7
microcode	: 0x70d
cpu MHz		: 1200.000
cache size	: 20480 KB
physical id	: 0
siblings	: 16
core id		: 6
cpu cores	: 8
apicid		: 13
initial apicid	: 13
fpu		: yes
fpu_exception	: yes
cpuid level	: 13
wp		: yes
flags		: fpu vme de pse tsc msr pae mce cx8 apic sep mtrr pge mca cmov pat pse36 clflush dts acpi mmx fxsr sse sse2 ss ht tm pbe syscall nx pdpe1gb rdtscp lm constant_tsc arch_perfmon pebs bts rep_good nopl xtopology nonstop_tsc aperfmperf eagerfpu pni pclmulqdq dtes64 monitor ds_cpl vmx smx est tm2 ssse3 cx16 xtpr pdcm pcid dca sse4_1 sse4_2 x2apic popcnt tsc_deadline_timer aes xsave avx lahf_lm ida arat epb xsaveopt pln pts dtherm tpr_shadow vnmi flexpriority ept vpid
bogomips	: 5187.15
clflush size	: 64
cache_alignment	: 64
address sizes	: 46 bits physical, 48 bits virtual
power management:

processor	: 23
vendor_id	: GenuineIntel
cpu family	: 6
model		: 45
model name	: Intel(R) Xeon(R) CPU E5-2670 0 @ 2.60GHz
stepping	: 7
microcode	: 0x70d
cpu MHz		: 1200.000
cache size	: 20480 KB
physical id	: 0
siblings	: 16
core id		: 7
cpu cores	: 8
apicid		: 15
initial apicid	: 15
fpu		: yes
fpu_exception	: yes
cpuid level	: 13
wp		: yes
flags		: fpu vme de pse tsc msr pae mce cx8 apic sep mtrr pge mca cmov pat pse36 clflush dts acpi mmx fxsr sse sse2 ss ht tm pbe syscall nx pdpe1gb rdtscp lm constant_tsc arch_perfmon pebs bts rep_good nopl xtopology nonstop_tsc aperfmperf eagerfpu pni pclmulqdq dtes64 monitor ds_cpl vmx smx est tm2 ssse3 cx16 xtpr pdcm pcid dca sse4_1 sse4_2 x2apic popcnt tsc_deadline_timer aes xsave avx lahf_lm ida arat epb xsaveopt pln pts dtherm tpr_shadow vnmi flexpriority ept vpid
bogomips	: 5187.15
clflush size	: 64
cache_alignment	: 64
address sizes	: 46 bits physical, 48 bits virtual
power management:

processor	: 24
vendor_id	: GenuineIntel
cpu family	: 6
model		: 45
model name	: Intel(R) Xeon(R) CPU E5-2670 0 @ 2.60GHz
stepping	: 7
microcode	: 0x70d
cpu MHz		: 1200.000
cache size	: 20480 KB
physical id	: 1
siblings	: 16
core id		: 0
cpu cores	: 8
apicid		: 33
initial apicid	: 33
fpu		: yes
fpu_exception	: yes
cpuid level	: 13
wp		: yes
flags		: fpu vme de pse tsc msr pae mce cx8 apic sep mtrr pge mca cmov pat pse36 clflush dts acpi mmx fxsr sse sse2 ss ht tm pbe syscall nx pdpe1gb rdtscp lm constant_tsc arch_perfmon pebs bts rep_good nopl xtopology nonstop_tsc aperfmperf eagerfpu pni pclmulqdq dtes64 monitor ds_cpl vmx smx est tm2 ssse3 cx16 xtpr pdcm pcid dca sse4_1 sse4_2 x2apic popcnt tsc_deadline_timer aes xsave avx lahf_lm ida arat epb xsaveopt pln pts dtherm tpr_shadow vnmi flexpriority ept vpid
bogomips	: 5189.01
clflush size	: 64
cache_alignment	: 64
address sizes	: 46 bits physical, 48 bits virtual
power management:

processor	: 25
vendor_id	: GenuineIntel
cpu family	: 6
model		: 45
model name	: Intel(R) Xeon(R) CPU E5-2670 0 @ 2.60GHz
stepping	: 7
microcode	: 0x70d
cpu MHz		: 1200.000
cache size	: 20480 KB
physical id	: 1
siblings	: 16
core id		: 1
cpu cores	: 8
apicid		: 35
initial apicid	: 35
fpu		: yes
fpu_exception	: yes
cpuid level	: 13
wp		: yes
flags		: fpu vme de pse tsc msr pae mce cx8 apic sep mtrr pge mca cmov pat pse36 clflush dts acpi mmx fxsr sse sse2 ss ht tm pbe syscall nx pdpe1gb rdtscp lm constant_tsc arch_perfmon pebs bts rep_good nopl xtopology nonstop_tsc aperfmperf eagerfpu pni pclmulqdq dtes64 monitor ds_cpl vmx smx est tm2 ssse3 cx16 xtpr pdcm pcid dca sse4_1 sse4_2 x2apic popcnt tsc_deadline_timer aes xsave avx lahf_lm ida arat epb xsaveopt pln pts dtherm tpr_shadow vnmi flexpriority ept vpid
bogomips	: 5189.01
clflush size	: 64
cache_alignment	: 64
address sizes	: 46 bits physical, 48 bits virtual
power management:

processor	: 26
vendor_id	: GenuineIntel
cpu family	: 6
model		: 45
model name	: Intel(R) Xeon(R) CPU E5-2670 0 @ 2.60GHz
stepping	: 7
microcode	: 0x70d
cpu MHz		: 2600.000
cache size	: 20480 KB
physical id	: 1
siblings	: 16
core id		: 2
cpu cores	: 8
apicid		: 37
initial apicid	: 37
fpu		: yes
fpu_exception	: yes
cpuid level	: 13
wp		: yes
flags		: fpu vme de pse tsc msr pae mce cx8 apic sep mtrr pge mca cmov pat pse36 clflush dts acpi mmx fxsr sse sse2 ss ht tm pbe syscall nx pdpe1gb rdtscp lm constant_tsc arch_perfmon pebs bts rep_good nopl xtopology nonstop_tsc aperfmperf eagerfpu pni pclmulqdq dtes64 monitor ds_cpl vmx smx est tm2 ssse3 cx16 xtpr pdcm pcid dca sse4_1 sse4_2 x2apic popcnt tsc_deadline_timer aes xsave avx lahf_lm ida arat epb xsaveopt pln pts dtherm tpr_shadow vnmi flexpriority ept vpid
bogomips	: 5189.01
clflush size	: 64
cache_alignment	: 64
address sizes	: 46 bits physical, 48 bits virtual
power management:

processor	: 27
vendor_id	: GenuineIntel
cpu family	: 6
model		: 45
model name	: Intel(R) Xeon(R) CPU E5-2670 0 @ 2.60GHz
stepping	: 7
microcode	: 0x70d
cpu MHz		: 2600.000
cache size	: 20480 KB
physical id	: 1
siblings	: 16
core id		: 3
cpu cores	: 8
apicid		: 39
initial apicid	: 39
fpu		: yes
fpu_exception	: yes
cpuid level	: 13
wp		: yes
flags		: fpu vme de pse tsc msr pae mce cx8 apic sep mtrr pge mca cmov pat pse36 clflush dts acpi mmx fxsr sse sse2 ss ht tm pbe syscall nx pdpe1gb rdtscp lm constant_tsc arch_perfmon pebs bts rep_good nopl xtopology nonstop_tsc aperfmperf eagerfpu pni pclmulqdq dtes64 monitor ds_cpl vmx smx est tm2 ssse3 cx16 xtpr pdcm pcid dca sse4_1 sse4_2 x2apic popcnt tsc_deadline_timer aes xsave avx lahf_lm ida arat epb xsaveopt pln pts dtherm tpr_shadow vnmi flexpriority ept vpid
bogomips	: 5189.01
clflush size	: 64
cache_alignment	: 64
address sizes	: 46 bits physical, 48 bits virtual
power management:

processor	: 28
vendor_id	: GenuineIntel
cpu family	: 6
model		: 45
model name	: Intel(R) Xeon(R) CPU E5-2670 0 @ 2.60GHz
stepping	: 7
microcode	: 0x70d
cpu MHz		: 1200.000
cache size	: 20480 KB
physical id	: 1
siblings	: 16
core id		: 4
cpu cores	: 8
apicid		: 41
initial apicid	: 41
fpu		: yes
fpu_exception	: yes
cpuid level	: 13
wp		: yes
flags		: fpu vme de pse tsc msr pae mce cx8 apic sep mtrr pge mca cmov pat pse36 clflush dts acpi mmx fxsr sse sse2 ss ht tm pbe syscall nx pdpe1gb rdtscp lm constant_tsc arch_perfmon pebs bts rep_good nopl xtopology nonstop_tsc aperfmperf eagerfpu pni pclmulqdq dtes64 monitor ds_cpl vmx smx est tm2 ssse3 cx16 xtpr pdcm pcid dca sse4_1 sse4_2 x2apic popcnt tsc_deadline_timer aes xsave avx lahf_lm ida arat epb xsaveopt pln pts dtherm tpr_shadow vnmi flexpriority ept vpid
bogomips	: 5189.01
clflush size	: 64
cache_alignment	: 64
address sizes	: 46 bits physical, 48 bits virtual
power management:

processor	: 29
vendor_id	: GenuineIntel
cpu family	: 6
model		: 45
model name	: Intel(R) Xeon(R) CPU E5-2670 0 @ 2.60GHz
stepping	: 7
microcode	: 0x70d
cpu MHz		: 1200.000
cache size	: 20480 KB
physical id	: 1
siblings	: 16
core id		: 5
cpu cores	: 8
apicid		: 43
initial apicid	: 43
fpu		: yes
fpu_exception	: yes
cpuid level	: 13
wp		: yes
flags		: fpu vme de pse tsc msr pae mce cx8 apic sep mtrr pge mca cmov pat pse36 clflush dts acpi mmx fxsr sse sse2 ss ht tm pbe syscall nx pdpe1gb rdtscp lm constant_tsc arch_perfmon pebs bts rep_good nopl xtopology nonstop_tsc aperfmperf eagerfpu pni pclmulqdq dtes64 monitor ds_cpl vmx smx est tm2 ssse3 cx16 xtpr pdcm pcid dca sse4_1 sse4_2 x2apic popcnt tsc_deadline_timer aes xsave avx lahf_lm ida arat epb xsaveopt pln pts dtherm tpr_shadow vnmi flexpriority ept vpid
bogomips	: 5189.01
clflush size	: 64
cache_alignment	: 64
address sizes	: 46 bits physical, 48 bits virtual
power management:

processor	: 30
vendor_id	: GenuineIntel
cpu family	: 6
model		: 45
model name	: Intel(R) Xeon(R) CPU E5-2670 0 @ 2.60GHz
stepping	: 7
microcode	: 0x70d
cpu MHz		: 1200.000
cache size	: 20480 KB
physical id	: 1
siblings	: 16
core id		: 6
cpu cores	: 8
apicid		: 45
initial apicid	: 45
fpu		: yes
fpu_exception	: yes
cpuid level	: 13
wp		: yes
flags		: fpu vme de pse tsc msr pae mce cx8 apic sep mtrr pge mca cmov pat pse36 clflush dts acpi mmx fxsr sse sse2 ss ht tm pbe syscall nx pdpe1gb rdtscp lm constant_tsc arch_perfmon pebs bts rep_good nopl xtopology nonstop_tsc aperfmperf eagerfpu pni pclmulqdq dtes64 monitor ds_cpl vmx smx est tm2 ssse3 cx16 xtpr pdcm pcid dca sse4_1 sse4_2 x2apic popcnt tsc_deadline_timer aes xsave avx lahf_lm ida arat epb xsaveopt pln pts dtherm tpr_shadow vnmi flexpriority ept vpid
bogomips	: 5189.01
clflush size	: 64
cache_alignment	: 64
address sizes	: 46 bits physical, 48 bits virtual
power management:

processor	: 31
vendor_id	: GenuineIntel
cpu family	: 6
model		: 45
model name	: Intel(R) Xeon(R) CPU E5-2670 0 @ 2.60GHz
stepping	: 7
microcode	: 0x70d
cpu MHz		: 1200.000
cache size	: 20480 KB
physical id	: 1
siblings	: 16
core id		: 7
cpu cores	: 8
apicid		: 47
initial apicid	: 47
fpu		: yes
fpu_exception	: yes
cpuid level	: 13
wp		: yes
flags		: fpu vme de pse tsc msr pae mce cx8 apic sep mtrr pge mca cmov pat pse36 clflush dts acpi mmx fxsr sse sse2 ss ht tm pbe syscall nx pdpe1gb rdtscp lm constant_tsc arch_perfmon pebs bts rep_good nopl xtopology nonstop_tsc aperfmperf eagerfpu pni pclmulqdq dtes64 monitor ds_cpl vmx smx est tm2 ssse3 cx16 xtpr pdcm pcid dca sse4_1 sse4_2 x2apic popcnt tsc_deadline_timer aes xsave avx lahf_lm ida arat epb xsaveopt pln pts dtherm tpr_shadow vnmi flexpriority ept vpid
bogomips	: 5189.01
clflush size	: 64
cache_alignment	: 64
address sizes	: 46 bits physical, 48 bits virtual
power management:



Memory: 4k page, physical 65937904k(3641144k free), swap 31302732k(31192676k free)

vm_info: OpenJDK 64-Bit Server VM (24.79-b02) for linux-amd64 JRE (1.7.0_79-b14), built on Jul 24 2015 08:15:54 by "buildd" with gcc 4.8.2

time: Wed Aug  5 18:29:45 2015
elapsed time: 0 seconds

