MROH5_Q31K
CD177_W33S
TSPAN10_N290T
TSPAN10_S21F
PNLIPRP2_T53K
PNLIPRP2_P46A
SERPINB11_A131G
OVCH2_C176Y
OVCH2_I161T
OVCH2_P84R
NLRC3_D951Y
NLRC3_A674T
ZAN_P2218A
ZAN_D2674H
ZAN_G936R
ZAN_G964R
ZAN_A994P
PKD1L2_W1544C
PKD1L2_Q1582L
PKD1L2_P1059S
PKD1L2_P1692T
failed:  PKD1L2_P1692T
PKD1L2_S557I
PKD1L2_A300V
COL26A1_G71C
KIR2DS4_H37P
IGHG1_K16E
IGHG1_Y32S
LIPI_N396S
LIPI_A117S
HSPA13_T220A
SAMSN1_I69V
NRIP1_N967K
NRIP1_Y279C
NRIP1_I877L
NRIP1_T19S
NRIP1_S33P
RMDN3_S179A
RMDN3_S225I
ST8SIA5_Y306H
RNMT_F118L
TPM1_N157I
ZFYVE19_K81Q
CYFIP1_C245S
CYFIP1_Y387F
WFDC11_S84G
TMPRSS15_N364D
TMPRSS15_P416A
KATNAL2_C239W
KATNAL2_S33I
KATNAL2_S159R
KATNAL2_E4D
NCAM2_T653S
NCAM2_N310H
BLM_K484N
BLM_Y764F
BLM_H572Y
BLM_D333H
RTFDC1_K59R
RTFDC1_R192G
RTFDC1_S209R
EBF4_S454T
EBF4_N228K
EBF4_A422V
DNTTIP1_K94Q
TCEB3CL_R72Q
TCEB3CL_V366L
TCEB3CL_A383P
RAB8B_M82R
RAB8B_N157H
ZBTB26_Q270E
FURIN_D175Y
TFAP2C_M31K
TFAP2C_T32N
TNNC2_D42N
RABGAP1_E412D
RABGAP1_L527R
RABGAP1_F122S
RABGAP1_N50K
ANKRD30B_K1347N
ANKRD30B_Q885H
ANKRD30B_E667G
ANKRD30B_E1285A
ANKRD30B_Y1249F
ANKRD30B_K502R
ANKRD30B_A557P
ANKRD30B_K68N
ATP8B4_M212R
SNX21_R236Q
CRB2_A717S
ACOT8_C113R
INO80_K120M
INO80_W1077C
INO80_A1396G
TUBA3C_K311Q
TUBA3C_R121Q
DENND1A_S534N
DENND1A_S581R
GREB1L_S125R
GREB1L_L80F
GREB1L_I400V
GREB1L_N393Y
SYCP2_N1293I
SYCP2_S1144L
SYCP2_S89R
SYCP2_R365S
SYCP2_E625A
SYCP2_G270D
SYCP2_C690S
SYCP2_A178T
SYCP2_N694S
SYCP2_R277W
HDC_P564L
ZBTB7C_Y433C
ZBTB7C_L259H
ZBTB7C_D330Y
EXD1_A139P
MAN2A2_G918C
MAN2A2_W69G
MAN2A2_V81M
GOLGA6L2_E257G
GOLGA6L2_T166R
ZMYM5_C369F
LTN1_A1497P
LTN1_Y890C
LTN1_E794G
LTN1_S64C
LTN1_K246I
LTN1_D214N
DMRT2_V440F
DMRT2_A286G
ZSWIM1_K180N
CHP1_T52N
CHP1_S23C
NR5A1_Q108P
FBXL22_L107V
GOLGA1_E31G
GOLGA1_Y13N
GOLGA1_L91F
HERC1_G468R
HERC1_D420N
HERC1_L70F
CHCHD10_P41A
PCK1_D245N
PCK1_N86H
PCK1_M257V
PCK1_I157F
PCK1_I40N
MMP11_P17L
MMP11_T130A
SCAI_S489C
TNKS_A496V
TNKS_Q237R
TNKS_H61P
TNKS_A752G
TNKS_L6M
ERCC6L_Q842K
ERCC6L_E96K
ERCC6L_A19S
LSM14B_R331W
LSM14B_S330P
MAP3K7CL_H50Y
PMEPA1_T37P
SNX1_L102V
TRPM7_D334A
TAPT1_V338G
TAPT1_I310N
TAPT1_C50S
TAPT1_P129R
TAPT1_L164F
PSMA7_D114G
PSMA7_M71I
XPO4_A120G
XPO4_V801D
XPO4_L629I
XPO4_R713T
XPO4_F68Y
GATA6_P480T
PPP4R1L_T262I
GSTT2B_G124R
LZTS3_S231G
LATS2_H609L
LATS2_D113V
LATS2_H318Q
LATS2_L19P
LATS2_A661P
GAPVD1_L563M
GAPVD1_G578V
GAPVD1_F99S
GAPVD1_P463H
GAPVD1_D1019N
GAPVD1_N1340D
LIPG_D211H
SOX7_S141Y
GSTT1_K58T
RBBP8_I217F
WHSC1L1_S754W
PINX1_D75E
PINX1_K109Q
KIFC2_S171I
KIFC2_L124F
KIFC2_A89S
SETD7_G47R
SETD7_S34T
XKR6_L300H
XKR6_F284I
RPAP1_C860G
RPAP1_P857T
RPAP1_V1162L
RPAP1_F1163C
MTG2_A109E
SPATA6L_S89C
SPATA6L_Q178P
ATP10A_N413K
ATP10A_L119Q
ATP10A_S112P
MTMR9_W176L
MTMR9_W219G
APCDD1L_V393A
APCDD1L_G155S
APCDD1L_E99Q
CDC37L1_S12N
CDC37L1_S64A
CSNK1G1_R21T
TIAM1_D1448N
TIAM1_L1499P
TIAM1_E1123G
TIAM1_E1037D
GTPBP6_A89D
MAML3_N34D
MAML3_H88D
MAML3_N162I
MAML3_K34N
MAML3_S115R
MAML3_L156I
MAML3_Q350H
MAML3_S304A
GRIPAP1_E66D
SOD1_S124R
VPS33B_M309K
PPP1R16A_L99F
CCR8_C189G
SACS_K1959N
SACS_W1111S
SACS_L2851S
SACS_S183A
SACS_S1878T
SACS_S1965C
SACS_F2835V
SACS_E3059A
SACS_S1230C
SACS_L2009V
SACS_P2608R
SACS_E2627A
SACS_F810S
SACS_D54G
GPR146_L48Q
GPR146_P248A
GPR146_L31R
STX16_M38V
SLC6A11_Q137H
JAK2_G135E
JAK2_R109G
JAK2_H621N
JAK2_S589T
JAK2_I779F
JAK2_Q923E
EEPD1_T265S
MIPEP_P40A
MIPEP_M489K
MIPEP_C3W
MIPEP_M710R
TRIP4_E100Q
ZFAND2A_C116S
ADORA2A_S213N
ADORA2A_Q210H
TMEM144_C154W
TMEM144_C170R
ZNF335_S405T
ZNF335_D761E
ZNF335_D438E
ZNF335_A985D
ZNF335_P73L
ZNF335_V260A
CAMKK1_Q231E
SLC6A1_I329M
SLC6A1_S396I
SLC6A1_M22I
ZNF609_S8T
ZNF609_D45H
UPB1_S189T
GLDN_V318G
GLDN_K57N
GLDN_E86D
GLDN_S141R
QDPR_G8A
QDPR_S94R
MRAP_P163R
POTEH_S162F
POTEH_C89S
GUCD1_H144D
ZSCAN25_P73H
GMPS_C114W
GMPS_A389V
GMPS_Y429D
NUDT6_R2P
JHDM1D_A364D
SNRPD3_L83I
ESRRB_F264L
C1QTNF9_R181S
C1QTNF9_D320Y
C1QTNF9_I157M
KLHL42_V139G
ELMOD2_L5V
ZBTB34_N144D
ZBTB34_E476Q
ZBTB34_Y257D
EVA1C_G153V
PRMT10_N3D
PRMT10_P285L
PRMT10_E383G
PRMT10_V247L
ASTE1_L200R
ASTE1_K305Q
ASTE1_N382T
SLCO3A1_L41P
C3orf14_E16G
GYPA_G37D
LAMA5_Y49D
LAMA5_E141D
LAMA5_A277E
LAMA5_H303D
PPM1L_A128V
PPM1L_A45S
BTAF1_E670V
RARRES2_E128D
ZNF514_T311S
ZNF514_T183K
SLC25A46_I17V
SLC25A46_H56Y
FEZF2_G261A
FEZF2_S384R
FEZF2_H379R
FEZF2_A446P
FDFT1_I44N
FDFT1_D16Y
FDFT1_M215L
ARMC3_K491R
CD300LF_T138S
C21orf59_P257S
STAMBPL1_Y72S
WASH4P_R102T
LAMB4_L326I
LAMB4_H426Y
LAMB4_S216Y
LAMB4_E647K
LAMB4_L784R
MRPS22_N106S
CDKL3_Q208H
TMEM9B_A92P
RPL19_A55T
RNF175_L70Q
RNF175_Y88F
PLD1_C528R
PLD1_C567S
CYP2A6_E221D
CYP2A6_F155C
SH2B1_K680E
AACS_M74V
AACS_P19R
AACS_V67G
AKAP17A_F64I
ST8SIA2_G295S
ERMP1_N125Y
ERMP1_I118V
ERMP1_V201L
ERMP1_M1I
SNRNP25_G73W
CCDC61_E72Q
C6orf62_I66M
C6orf62_W58S
MAP3K11_L67R
MAP3K11_R202G
MAP3K11_A106P
MAP3K11_Q96K
PPFIA4_L545R
PPFIA4_L113M
PPFIA4_S10A
PPFIA4_F472C
PPFIA4_T650S
FAM136A_C35G
OCA2_D504E
KCNAB1_R37P
ATP6V0D2_T41I
KIF6_G109V
KIF6_T5I
KIF6_Q292H
GRID1_N268K
GRID1_M232K
GFRA4_W180S
TIAM2_S42T
TIAM2_Q425P
TIAM2_N642T
SCG3_K170N
HHIP_E259K
SLC22A9_Q262K
MAP4K4_S845T
MAP4K4_E91D
SLC37A3_R209P
FAM211B_R55C
IFNGR1_Q12H
IFNGR1_Q45K
IFNGR1_C75S
IFNGR1_S398Y
IFNGR1_E273V
NAP1L4_A39E
ARHGAP27_V346G
ARHGAP27_S194G
MARCO_K150R
PTPN20B_H101P
PTPN20B_G6A
BTBD18_F33L
BTBD18_E188D
BTBD18_K311E
BTBD18_K378R
COX18_A125S
COX18_V161L
RNF150_V265L
NACA_C216S
NACA_S132P
NACA_A135G
RASGRP2_G133R
POTEG_I201L
SCUBE2_A556G
STAC2_C161S
RIOK3_M396I
RIOK3_K360N
RIOK3_R34Q
RIOK3_D2E
CNOT8_K39I
MCRS1_M2K
HRASLS5_T33A
GARNL3_T508S
GARNL3_G281R
GARNL3_D810N
GARNL3_A11S
TTBK1_M56V
TTBK1_D65H
SLC7A13_V179L
SLC7A13_I211S
ADGB_E33K
ADGB_M102I
ADGB_T72I
ADGB_L9W
INTS1_E182Q
INTS1_T1672K
INTS1_L1384V
INTS1_Q1386P
INTS1_I138N
INTS1_R1225G
INTS1_E1057G
INTS1_C1768S
INTS1_Q1713R
BRAP_N59K
CCDC39_S50G
CCDC39_D556E
C15orf32_P49S
MLANA_L57F
MYRIP_K271M
MYRIP_A591T
ANKRD50_N42Y
WAPAL_A1032G
WAPAL_K666T
WAPAL_S498P
WAPAL_D209N
SLC2A1_I33V
NUP85_K11T
NUP85_S18F
CCDC150_V585A
CCDC150_N73D
MUC5B_V4764I
MUC5B_V1334L
MUC5B_C752Y
MUC5B_P838S
MUC5B_S3121T
MUC5B_L2373W
MUC5B_D3582Y
MUC5B_T3899P
MUC5B_E2378D
MUC5B_A2699P
MUC5B_V132L
MUC5B_T2446A
MUC5B_S3297Y
MUC5B_A2594P
MUC5B_S3106F
MUC5B_C469Y
MUC5B_W2463R
MUC5B_F2940C
MUC5B_T4316A
MUC5B_Q1757P
MUC5B_H3493P
MUC5B_D5117E
PRR19_L90V
LRP11_D27N
FAT4_D2279G
FAT4_N1350S
FAT4_R1661G
FAT4_G155C
FAT4_Q618H
FAT4_T2702P
FAT4_Y523D
FAT4_S1174C
FAT4_M3108R
FAT4_A2477S
FAT4_S2253C
FAT4_I1016V
ZNF330_S25T
ZNF330_W4G
DUSP14_R11G
TRMT61B_P307S
CHD2_G1147V
CHD2_E1474V
CHD2_K110E
ANKDD1A_A386D
ASXL2_N85I
ASXL2_T653P
ASXL2_E256D
ASXL2_T775P
ASXL2_F71S
NLK_E162D
NLK_L218R
COPB2_D611V
COPB2_H64N
PPT1_G68R
GNAS_D64H
GNAS_S555T
LEO1_G537V
LEO1_G416D
NEK11_I68L
KIAA1671_S148C
KIAA1671_Q73H
UHRF2_I211M
UHRF2_N375K
UHRF2_N72I
POTEM_R132W
USP48_P419A
USP48_D502G
ISYNA1_M1K
ANLN_H477R
ANLN_S26R
COL1A1_A1147P
COL1A1_D1268V
COL1A1_P823A
COL1A1_F1198C
COL1A1_R910H
CENPJ_D743V
MERTK_P325R
MERTK_S367Y
HIST2H4B_G42S
WDR52_N314I
WDR52_T185K
PSTK_E248D
PSTK_P182A
PSTK_M1R
BCL2L10_P125R
OR4N2_I124L
OR4N2_Y94N
EPHB1_T32P
EPHB1_W20C
HBS1L_F90V
BTG2_E32A
RARRES3_I16N
VPS52_L556P
VPS52_Q9H
GLIPR1_T183S
GLIPR1_D125H
INTU_A200V
CECR2_T836P
CECR2_Q951R
CECR2_V166G
HNF1A_K158M
HNF1A_P228A
HNF1A_S247T
IL15_I31L
HIVEP2_Y1466H
HIVEP2_G604D
HIVEP2_E1418V
HIVEP2_Q45R
HIVEP2_S1438G
HIVEP2_S1147R
HIVEP2_T1996R
SLCO4A1_Y226C
CCDC91_Q197R
CCDC91_K70R
CCDC91_A44G
CCDC91_K103I
USP45_R109L
USP45_S60A
OPTC_E124G
ATL3_V110L
ATL3_W197R
ATL3_L275F
ATL3_W147C
SV2A_G428E
SV2A_L168V
SV2A_A117E
SV2A_V37F
SV2A_I622M
SYNE3_E319D
SYNE3_Y225N
SLC25A18_M1K
SLC25A18_T34I
SLC25A18_I297T
NABP2_S49T
NABP2_C41S
NABP2_T170S
ENTPD3_L247V
ENTPD3_K282Q
ENTPD3_P280T
ENTPD3_G122R
TFAP2B_F331L
CD40_V218G
LRRC24_E200D
LRRC24_T225A
DENND5A_C805S
KIF3C_P640S
ADAMTS12_I727T
ADAMTS12_V470A
ADAMTS12_P838H
ARSE_H79R
ARSE_D67H
ARSE_L302P
ARSE_V460A
ARSE_L525V
LUC7L_L150H
ULBP1_G135S
ULBP1_Q48K
TTC5_K15N
TTC5_S25T
MYO18B_E857D
MYO18B_D1523E
MYO18B_K792N
MYO18B_L342F
ABCC3_V570M
ABCC3_N847Y
OGFR_R15M
CDH22_A143S
CDH22_H789Q
CDH22_D94Y
CDH22_Q572R
CDH22_F217Y
IKZF5_P310T
IKZF5_D72G
IKZF5_K400I
IKZF5_R96P
ARHGAP39_I100T
ARHGAP39_P301A
ARHGAP39_K277T
ARHGAP39_M1I
ARHGAP39_K773E
ARHGAP39_D6N
PHRF1_V1152L
PHRF1_C134S
PHRF1_A1065D
PHRF1_Q1282L
PHRF1_K1594E
SLC35B2_T23I
SLC35B2_K42E
CARD18_D41Y
MYO5C_T73S
BAG3_P84A
BAG3_P228L
GIMAP4_L205F
PSD4_K849N
PSD4_S24R
PSD4_L611V
TBKBP1_P19H
MXRA5_S1439P
MXRA5_Q720K
MXRA5_N1899S
MXRA5_V1196L
MXRA5_D2085E
MXRA5_F1568I
MXRA5_S1522A
MXRA5_L441V
MXRA5_T1141S
MXRA5_W316S
MXRA5_W1992R
MXRA5_S2391A
WDR36_N65I
WDR36_R242C
WDR36_F50L
WDR36_V49A
IFNAR2_V373G
SF3B4_S108A
GRIA4_T766S
COL9A2_P68A
COL9A2_K68Q
DOCK10_Y116S
NOL11_S94R
NOL11_K124R
NOL11_I88L
ETFDH_A64P
ETFDH_E149A
ETFDH_L503P
MAFK_N8S
ULBP3_V161E
HCFC1_C1220S
HCFC1_M477I
HCFC1_G194R
HCFC1_Q439K
HCFC1_P252L
HCFC1_V1168F
HCFC1_G635A
HCFC1_V88L
HCFC1_P430A
HCFC1_V405L
AIG1_W54S
AIG1_N23K
TMEM184A_V223L
TOLLIP_F65Y
OTUD4_E384D
AP5B1_K431N
AP5B1_E262K
AP5B1_S57G
AP5B1_P310Q
HSPA4L_P85S
HSPA4L_N695I
AZI1_L243P
MTFMT_R59W
MTFMT_L100P
BCLAF1_S106I
IL10RB_C11W
ZC3H11A_R306W
ZNF619_V64L
ZNF619_S89C
ATP8A2_L165V
ATP8A2_T44K
ATP8A2_L213F
ATP8A2_A370G
CFL1_K110R
SPEF2_D1093E
SPEF2_N1105K
SPEF2_F346L
SPEF2_D231V
SPEF2_E466G
SF1_H109N
FNIP2_F772L
FNIP2_V995G
FNIP2_N1093D
FNIP2_L633V
MSANTD4_Q126E
IFNAR1_K86I
IFNAR1_T155K
IFNAR1_L264I
ACADSB_T239A
ACADSB_T131S
ACADSB_Q105K
RPL23A_K135N
PNO1_Q8H
NAT9_G197W
ITFG3_V216L
ITFG3_T427A
ITFG3_F399V
BCL2L13_G77S
TMBIM4_W130L
TOP3A_L338V
HSPG2_N115Y
HSPG2_H89L
HSPG2_T232P
HSPG2_S137C
HSPG2_L138H
RBP2_G47S
SOX13_E28V
SOX13_K124E
SOX13_A38D
RAPGEF2_D45V
RAPGEF2_S226N
ARMC4_N432K
ARMC4_C475W
ARMC4_E210G
PLEKHM1_I18L
PLEKHM1_H283P
ZNF34_F227L
ZNF34_S111T
INO80B_P204R
INO80B_A228G
RASL12_K232T
RASL12_A98P
TAMM41_A163S
TAMM41_E175A
KRR1_E42Q
APOB_L3307P
APOB_T4008A
APOB_I2819S
APOB_H3114N
APOB_I3538N
APOB_I3997V
APOB_I3847F
APOB_D3361H
APOB_E4050A
APOB_Q2630L
APOB_D3217A
APOB_P4208H
APOB_P2072L
APOB_A1970P
DCAF16_E19G
DCAF16_M42I
VCX3B_P26L
GPBP1L1_F325L
MYCT1_N51S
UBAP1L_E346G
ELFN1_A290T
ELFN1_R240C
ELFN1_L143P
ANKRD30A_E240A
ANKRD30A_K1086R
ANKRD30A_A272V
ANKRD30A_P1144L
ANKRD30A_E1118A
ANKRD30A_Y743D
ANKRD30A_Q1280E
KY_Y384F
KY_N281T
KY_G45R
ETNK2_P59S
CCNB1_Q387H
CCNB1_D90Y
CCNB1_D149E
ZNF780B_H343P
ZNF780B_I234L
DENND3_R448K
DENND3_D639V
DENND3_L392I
DENND3_R365W
MED1_T490P
MED1_P312Q
MED1_S453A
TMEM140_L45R
RNF220_V58L
RNF220_L256V
TSNAXIP1_P77R
TSNAXIP1_F84C
TSNAXIP1_I85L
TSNAXIP1_I80S
TSNAXIP1_Q143L
OSBPL7_Q809H
TMEM132B_G295E
CTD-2215E18.1_Q53R
NMNAT3_P11R
CDK8_I162F
MRPL3_K130E
MRPL3_K30T
LIX1_N56Y
WDR91_Q522L
WDR91_K341T
WDR91_Q537H
WDR91_L222V
WDR91_S306Y
PLEKHG1_N184Y
PLEKHG1_S368R
PLEKHG1_N1354K
PLEKHG1_K995E
CDC20_G441D
CDC20_C364G
REN_F226C
EFEMP2_A25P
SLC3A1_L91M
SLC3A1_V47E
FAM65B_N662S
FAM65B_L903Q
AASDHPPT_T88S
AASDHPPT_K91T
TCP11_A13D
ZNF143_N272D
ZNF143_D40V
CCL26_V81A
MBOAT1_F225L
MBOAT1_L109R
MBOAT1_L31V
CLCN1_G34R
CDH12_R639S
CDH12_G743S
HSD17B6_I203K
WDR70_P325L
WDR70_V185M
CCL24_R99M
BEST3_W139L
GUCY1A2_P623T
MAST2_H161L
MAST2_T399A
MAST2_K487T
PTPRD_H677L
C14orf166B_G64E
C14orf166B_Y3F
TCTE1_R5Q
TCTE1_S153L
FAM86B1_V127L
RMDN1_N165K
RMDN1_K15Q
OTUD7B_N408S
WASF3_S104T
WASF3_K102Q
PLEKHA6_P305R
PLEKHA6_H521Q
PLEKHA6_H569R
PLEKHA6_D911E
PLEKHA6_E177V
PLEKHA6_H394L
FAM179A_S109F
MAPK4_A92D
CTSW_T360I
CTSW_C198Y
GPR12_I255M
CCL15_M33K
HDAC3_D110H
RANBP2_P22T
IRAK1_R338G
GPR143_P396R
GPR143_I171F
DAZ4_Y326D
DAZ4_Q369K
DAZ4_K80I
SIDT1_G537V
SIDT1_F573V
SIDT1_Y225C
SIDT1_S119R
C12orf43_E90V
C12orf43_A147S
C12orf43_P150A
TMEM132C_K41N
TMEM132C_F333L
MOCS1_L379V
MOCS1_S509C
MOCS1_G338V
ARHGDIG_P76R
TMEM176A_S6I
FIBP_C146G
FIBP_L145I
ZFP69B_I87L
SHROOM2_Q424R
SPIC_H43R
PHF15_K7Q
PHF15_P113T
PHF15_A229T
PIK3C2B_P797S
PIK3C2B_L1555P
PIK3C2B_S469R
PIK3C2B_P1434R
PIK3C2B_A973P
POR_S66C
POR_G45R
POR_L302V
POR_S85R
CLPX_R210I
AARS2_D430A
AARS2_D337G
PLP2_T98A
TMEM212_N137T
ZFP69_E515G
MOGS_A196T
MOGS_P202R
MOGS_S52P
BPTF_S632P
USP38_L721S
USP38_S871A
RPL21_H22N
SLIT2_G1059A
SLIT2_I1067V
SLIT2_K1467N
RGS17_E138D
WWC3_I93T
WWC3_D469A
PRICKLE3_I129V
ARPP19_E70K
EXO5_A366S
EXO5_V134G
CENPT_A391G
TMEM53_Y8F
TMEM53_S224R
TMEM53_L95I
CILP_C417G
CILP_S52T
CILP_T134P
CILP_P597R
CILP_T1062I
CILP_G676V
CILP_A332S
CPNE5_A155T
VPS26A_Q208H
VPS26A_F162V
IRF1_C140G
IRF1_M8L
VPS45_D314H
VPS45_N175K
CPNE3_K158N
PTRH1_D69H
PTRH1_T153S
PTRH1_Q173E
NPY5R_G241A
NPY5R_L312P
