TP53_H179L
PIK3CA_E542K
TP53_Y220N
FRG1B_L82S
PIK3CA_E542A
PIK3CA_E542G
TP53_R273P
ANKRD36_T998S
FRG1B_S101N
FAM47C_N648D
FRG1B_S101G
PIK3CA_E542Q
PIK3CA_E542V
GNAQ_Q209P
TP53_R249K
ZNF814_A337V
POTEC_K507E
PIK3CA_E545A
PTH2_L22V
TP53_R175G
KRTAP4-8_C95S
FRG1B_E180G
PIK3CA_E545D
GNA11_Q209L
AR_Q58L
NBPF10_E3455K
RGPD8_P1760A
POTEC_R477Q
BRAF_V600E
TP53_H179Y
TP53_H179D
POLR3B_L368F
PIK3CA_H1047L
KRAS_G13R
KRAS_G13P
KRAS_G13V
CTNNB1_S33Y
TP53_H179Q
PIK3CA_H1047Y
KRTAP4-3_Q31L
TP53_R175H
FBXW7_S505T
FRG1B_A80P
PIK3CA_H1047R
PIK3CA_H1047Q
KRAS_G13A
TP53_R175C
KRAS_G13D
FRG1B_A83T
HLA-A_Q78R
FBXW7_Y465C
FRG1B_A83D
KRTAP4-11_L161V
ZNF844_H514D
TP53_H193L
CTNNB1_S33A
CTNNB1_S33C
TP53_H193P
TP53_H193R
CTNNB1_S33F
KRAS_Q61L
KRAS_G12S
KRAS_G12R
UBBP4_L149R
KRAS_Q61K
KRAS_G12V
TP53_H193D
CTNNB1_S33P
CTNNB1_S37F
KRAS_G12L
DCP1B_Q252H
KRAS_Q61R
KRAS_G12A
KRAS_G12C
KRAS_G12D
ZNF814_D404E
RGPD3_N756D
CTNNB1_S33T
CTNNB1_S37C
UBBP4_R73L
UBBP4_R73W
SOWAHA_R124P
FRG1B_E180K
TP53_R249M
ZNF517_V349A
KRTAP4-11_M93V
TP53_R282W
TP53_R249G
TP53_R282Q
MYO5B_V1703A
ANAPC1_T537A
TP53_R175L
TP53_R249T
TP53_R282G
TP53_R249W
PGM5_I98V
TP53_R249S
PTEN_R130L
KRTAP4-9_D18V
TP53_R273H
PTEN_R130G
TBC1D2B_R920Q
TP53_R273C
TP53_Y220C
TP53_Y220D
TP53_Y220H
FRG1B_A41T
PTEN_R130P
PTEN_R130Q
TP53_R273S
KRTAP1-5_I88T
TP53_G245V
PIK3CA_E545G
TP53_G245S
TP53_G245R
PIK3CA_E545K
TP53_G245D
PIK3CA_E545Q
TP53_G245A
TP53_G245C
TOR3A_F13L
TP53_R273L
TP53_H193Y
KRTAP4-7_S57P
IDH1_R132H
CCDC102A_R96W
IDH1_R132L
SIRPB1_T248A
FRG1B_D62V
IDH1_R132C
IDH1_R132G
FRG1B_I89V
IDH1_R132S
TRIM48_Y192H
KRAS_Q61P
CTNNB1_S37P
TP53_H179R
FRG1B_I40T
CTNNB1_S37Y
OPRD1_C27F
KRAS_Q61H
CTNNB1_S37A
ZNF845_R925H
TP53_R248L
TP53_R248Q
TP53_R248P
TP53_R248W
KRAS_G13C
ZNF479_K438T
RPSAP58_Q111E
TP53_Y220S
CDC27_A274D
